# JRE version: OpenJDK Runtime Environment Corretto-17.0.11.9.1 (17.0.11+9) (build 17.0.11+9-LTS)
# Java VM: OpenJDK 64-Bit Server VM Corretto-17.0.11.9.1 (17.0.11+9-LTS, mixed mode, sharing, tiered, compressed oops, compressed class ptrs, g1 gc, windows-amd64)
GC Precious Log:
 CPUs: 8 total, 8 available
 Memory: 16073M
 Large Page Support: Disabled
 NUMA Support: Disabled
 Compressed Oops: Enabled (Zero based)
 Heap Region Size: 2M
 Heap Min Capacity: 8M
 Heap Initial Capacity: 252M
 Heap Max Capacity: 4020M
 Pre-touch: Disabled
 Parallel Workers: 8
 Concurrent Workers: 2
 Concurrent Refinement Workers: 8
 Periodic GC: Disabled
Heap:
 garbage-first heap   total 96256K, used 62943K [0x0000000704c00000, 0x0000000800000000)
  region size 2048K, 13 young (26624K), 1 survivors (2048K)
 Metaspace       used 84931K, committed 85248K, reserved 1179648K
  class space    used 10729K, committed 10880K, reserved 1048576K
GC Heap History (20 events):
Event: 34.751 GC heap before
{Heap before GC invocations=65 (full 0):
 garbage-first heap   total 96256K, used 81276K [0x0000000704c00000, 0x0000000800000000)
  region size 2048K, 21 young (43008K), 1 survivors (2048K)
 Metaspace       used 84906K, committed 85248K, reserved 1179648K
  class space    used 10723K, committed 10880K, reserved 1048576K
}
Event: 34.752 GC heap after
{Heap after GC invocations=66 (full 0):
 garbage-first heap   total 96256K, used 40319K [0x0000000704c00000, 0x0000000800000000)
  region size 2048K, 1 young (2048K), 1 survivors (2048K)
 Metaspace       used 84906K, committed 85248K, reserved 1179648K
  class space    used 10723K, committed 10880K, reserved 1048576K
}
Event: 35.097 GC heap before
{Heap before GC invocations=66 (full 0):
 garbage-first heap   total 96256K, used 81279K [0x0000000704c00000, 0x0000000800000000)
  region size 2048K, 21 young (43008K), 1 survivors (2048K)
 Metaspace       used 84906K, committed 85248K, reserved 1179648K
  class space    used 10723K, committed 10880K, reserved 1048576K
}
Event: 35.098 GC heap after
{Heap after GC invocations=67 (full 0):
 garbage-first heap   total 96256K, used 40313K [0x0000000704c00000, 0x0000000800000000)
  region size 2048K, 1 young (2048K), 1 survivors (2048K)
 Metaspace       used 84906K, committed 85248K, reserved 1179648K
  class space    used 10723K, committed 10880K, reserved 1048576K
}
Event: 35.580 GC heap before
{Heap before GC invocations=67 (full 0):
 garbage-first heap   total 96256K, used 81273K [0x0000000704c00000, 0x0000000800000000)
  region size 2048K, 21 young (43008K), 1 survivors (2048K)
 Metaspace       used 84911K, committed 85248K, reserved 1179648K
  class space    used 10724K, committed 10880K, reserved 1048576K
}
Event: 35.581 GC heap after
{Heap after GC invocations=68 (full 0):
 garbage-first heap   total 96256K, used 40331K [0x0000000704c00000, 0x0000000800000000)
  region size 2048K, 1 young (2048K), 1 survivors (2048K)
 Metaspace       used 84911K, committed 85248K, reserved 1179648K
  class space    used 10724K, committed 10880K, reserved 1048576K
}
Event: 35.991 GC heap before
{Heap before GC invocations=68 (full 0):
 garbage-first heap   total 96256K, used 81291K [0x0000000704c00000, 0x0000000800000000)
  region size 2048K, 21 young (43008K), 1 survivors (2048K)
 Metaspace       used 84912K, committed 85248K, reserved 1179648K
  class space    used 10724K, committed 10880K, reserved 1048576K
}
Event: 35.992 GC heap after
{Heap after GC invocations=69 (full 0):
 garbage-first heap   total 96256K, used 40348K [0x0000000704c00000, 0x0000000800000000)
  region size 2048K, 1 young (2048K), 1 survivors (2048K)
 Metaspace       used 84912K, committed 85248K, reserved 1179648K
  class space    used 10724K, committed 10880K, reserved 1048576K
}
Event: 36.418 GC heap before
{Heap before GC invocations=69 (full 0):
 garbage-first heap   total 96256K, used 81308K [0x0000000704c00000, 0x0000000800000000)
  region size 2048K, 21 young (43008K), 1 survivors (2048K)
 Metaspace       used 84917K, committed 85248K, reserved 1179648K
  class space    used 10724K, committed 10880K, reserved 1048576K
}
Event: 36.419 GC heap after
{Heap after GC invocations=70 (full 0):
 garbage-first heap   total 96256K, used 40356K [0x0000000704c00000, 0x0000000800000000)
  region size 2048K, 1 young (2048K), 1 survivors (2048K)
 Metaspace       used 84917K, committed 85248K, reserved 1179648K
  class space    used 10724K, committed 10880K, reserved 1048576K
}
Event: 36.871 GC heap before
{Heap before GC invocations=70 (full 0):
 garbage-first heap   total 96256K, used 81316K [0x0000000704c00000, 0x0000000800000000)
  region size 2048K, 21 young (43008K), 1 survivors (2048K)
 Metaspace       used 84918K, committed 85248K, reserved 1179648K
  class space    used 10724K, committed 10880K, reserved 1048576K
}
Event: 36.872 GC heap after
{Heap after GC invocations=71 (full 0):
 garbage-first heap   total 96256K, used 40357K [0x0000000704c00000, 0x0000000800000000)
  region size 2048K, 1 young (2048K), 1 survivors (2048K)
 Metaspace       used 84918K, committed 85248K, reserved 1179648K
  class space    used 10724K, committed 10880K, reserved 1048576K
}
Event: 37.281 GC heap before
{Heap before GC invocations=71 (full 0):
 garbage-first heap   total 96256K, used 81317K [0x0000000704c00000, 0x0000000800000000)
  region size 2048K, 21 young (43008K), 1 survivors (2048K)
 Metaspace       used 84920K, committed 85248K, reserved 1179648K
  class space    used 10725K, committed 10880K, reserved 1048576K
}
Event: 37.281 GC heap after
{Heap after GC invocations=72 (full 0):
 garbage-first heap   total 96256K, used 40417K [0x0000000704c00000, 0x0000000800000000)
  region size 2048K, 1 young (2048K), 1 survivors (2048K)
 Metaspace       used 84920K, committed 85248K, reserved 1179648K
  class space    used 10725K, committed 10880K, reserved 1048576K
}
Event: 37.669 GC heap before
{Heap before GC invocations=72 (full 0):
 garbage-first heap   total 96256K, used 81377K [0x0000000704c00000, 0x0000000800000000)
  region size 2048K, 21 young (43008K), 1 survivors (2048K)
 Metaspace       used 84924K, committed 85248K, reserved 1179648K
  class space    used 10726K, committed 10880K, reserved 1048576K
}
Event: 37.670 GC heap after
{Heap after GC invocations=73 (full 0):
 garbage-first heap   total 96256K, used 40406K [0x0000000704c00000, 0x0000000800000000)
  region size 2048K, 1 young (2048K), 1 survivors (2048K)
 Metaspace       used 84924K, committed 85248K, reserved 1179648K
  class space    used 10726K, committed 10880K, reserved 1048576K
}
Event: 38.103 GC heap before
{Heap before GC invocations=73 (full 0):
 garbage-first heap   total 96256K, used 81366K [0x0000000704c00000, 0x0000000800000000)
  region size 2048K, 21 young (43008K), 1 survivors (2048K)
 Metaspace       used 84926K, committed 85248K, reserved 1179648K
  class space    used 10727K, committed 10880K, reserved 1048576K
}
Event: 38.104 GC heap after
{Heap after GC invocations=74 (full 0):
 garbage-first heap   total 96256K, used 40412K [0x0000000704c00000, 0x0000000800000000)
  region size 2048K, 1 young (2048K), 1 survivors (2048K)
 Metaspace       used 84926K, committed 85248K, reserved 1179648K
  class space    used 10727K, committed 10880K, reserved 1048576K
}
Event: 39.020 GC heap before
{Heap before GC invocations=74 (full 0):
 garbage-first heap   total 96256K, used 81372K [0x0000000704c00000, 0x0000000800000000)
  region size 2048K, 21 young (43008K), 1 survivors (2048K)
 Metaspace       used 84927K, committed 85248K, reserved 1179648K
  class space    used 10728K, committed 10880K, reserved 1048576K
}
Event: 39.021 GC heap after
{Heap after GC invocations=75 (full 0):
 garbage-first heap   total 96256K, used 40415K [0x0000000704c00000, 0x0000000800000000)
  region size 2048K, 1 young (2048K), 1 survivors (2048K)
 Metaspace       used 84927K, committed 85248K, reserved 1179648K
  class space    used 10728K, committed 10880K, reserved 1048576K
}

